<?xml version="1.0" encoding="UTF-8"?>
<!-- Generated by org.testng.reporters.JUnitXMLReporter -->
<testsuite ignored="0" hostname="DESKTOP-KOJOBGV" failures="1" tests="1" name="PDFReport" time="3.175" errors="0" timestamp="2023-05-02T12:33:24 IST">
  <testcase classname="com.mohs10.Report.PDFReportTest" name="PDFreports" time="1.717">
    <failure type="com.itextpdf.io.IOException" message="I/O exception.">
      <![CDATA[com.itextpdf.io.IOException: I/O exception.
at com.itextpdf.io.image.ImageDataFactory.readImageType(ImageDataFactory.java:601)
at com.itextpdf.io.image.ImageDataFactory.createImageInstance(ImageDataFactory.java:518)
at com.itextpdf.io.image.ImageDataFactory.create(ImageDataFactory.java:101)
at com.itextpdf.io.image.ImageDataFactory.create(ImageDataFactory.java:121)
at com.itextpdf.io.image.ImageDataFactory.create(ImageDataFactory.java:131)
at com.mohs10.Report.PDFReportTest.PDFreports(PDFReportTest.java:200)
at java.base/java.util.ArrayList.forEach(ArrayList.java:1511)
Caused by: java.io.FileNotFoundException: C:\Users\DELL\Desktop\drivers\painite_latest-master\painite_latest-master\Demo-Painite-master\TestcaseScreenshotslogin.png (The system cannot find the file specified)
at java.base/java.io.FileInputStream.open0(Native Method)
at java.base/java.io.FileInputStream.open(FileInputStream.java:216)
at java.base/java.io.FileInputStream.<init>(FileInputStream.java:157)
at java.base/java.io.FileInputStream.<init>(FileInputStream.java:111)
at java.base/sun.net.www.protocol.file.FileURLConnection.connect(FileURLConnection.java:86)
at java.base/sun.net.www.protocol.file.FileURLConnection.getInputStream(FileURLConnection.java:189)
at java.base/java.net.URL.openStream(URL.java:1161)
at com.itextpdf.io.util.UrlUtil.openStream(UrlUtil.java:103)
at com.itextpdf.io.image.ImageDataFactory.readImageType(ImageDataFactory.java:596)
... 33 more
... Removed 27 stack frames]]>
    </failure>
  </testcase> <!-- PDFreports -->
</testsuite> <!-- PDFReport -->
