<?xml version="1.0" encoding="UTF-8"?>
<testng-results ignored="0" total="1" passed="1" failed="0" skipped="0">
  <reporter-output>
  </reporter-output>
  <suite started-at="2023-05-02T12:35:18 IST" name="Suite" finished-at="2023-05-02T12:35:50 IST" duration-ms="31217">
    <groups>
    </groups>
    <test started-at="2023-05-02T12:35:18 IST" name="Test" finished-at="2023-05-02T12:35:50 IST" duration-ms="31217">
      <class name="com.mohs10.scripts.HomeTest">
        <test-method is-config="true" signature="generateReport()[pri:0, instance:com.mohs10.scripts.HomeTest@4fb61f4a]" started-at="2023-05-02T12:35:18 IST" name="generateReport" finished-at="2023-05-02T12:35:19 IST" duration-ms="387" status="PASS">
          <reporter-output>
          </reporter-output>
        </test-method> <!-- generateReport -->
        <test-method is-config="true" signature="beforeClass()[pri:0, instance:com.mohs10.scripts.HomeTest@4fb61f4a]" started-at="2023-05-02T12:35:19 IST" name="beforeClass" finished-at="2023-05-02T12:35:22 IST" duration-ms="2800" status="PASS">
          <reporter-output>
          </reporter-output>
        </test-method> <!-- beforeClass -->
        <test-method is-config="true" signature="methodName(java.lang.reflect.Method)[pri:0, instance:com.mohs10.scripts.HomeTest@4fb61f4a]" started-at="2023-05-02T12:35:22 IST" name="methodName" finished-at="2023-05-02T12:35:22 IST" duration-ms="11" status="PASS">
          <params>
            <param index="0">
              <value>
                <![CDATA[public void com.mohs10.scripts.HomeTest.LoginTestCase() throws java.lang.Exception]]>
              </value>
            </param>
          </params>
          <reporter-output>
          </reporter-output>
        </test-method> <!-- methodName -->
        <test-method signature="LoginTestCase()[pri:0, instance:com.mohs10.scripts.HomeTest@4fb61f4a]" started-at="2023-05-02T12:35:22 IST" name="LoginTestCase" finished-at="2023-05-02T12:35:47 IST" duration-ms="25559" status="PASS">
          <reporter-output>
          </reporter-output>
        </test-method> <!-- LoginTestCase -->
        <test-method is-config="true" signature="tearDown()[pri:0, instance:com.mohs10.scripts.HomeTest@4fb61f4a]" started-at="2023-05-02T12:35:47 IST" name="tearDown" finished-at="2023-05-02T12:35:48 IST" duration-ms="985" status="PASS">
          <reporter-output>
          </reporter-output>
        </test-method> <!-- tearDown -->
        <test-method is-config="true" signature="afterClass()[pri:0, instance:com.mohs10.scripts.HomeTest@4fb61f4a]" started-at="2023-05-02T12:35:48 IST" name="afterClass" finished-at="2023-05-02T12:35:50 IST" duration-ms="1425" status="PASS">
          <reporter-output>
          </reporter-output>
        </test-method> <!-- afterClass -->
      </class> <!-- com.mohs10.scripts.HomeTest -->
    </test> <!-- Test -->
  </suite> <!-- Suite -->
</testng-results>
